<?xml version="1.0" encoding="UTF-8"?>
<robot generator="Robot 7.0 (Python 3.11.3 on win32)" generated="2024-06-11T18:15:58.016413" rpa="false" schemaversion="5">
<suite id="s1" name="Login Page Tests" source="C:\Users\aimai\OneDrive\Desktop\aimluffy_test\AutomateTestWebsiteDemo\testcase\login_page_tests.robot">
<kw name="Open my Browser" owner="login_resources" type="SETUP">
<kw name="Open Browser" owner="SeleniumLibrary">
<msg time="2024-06-11T18:15:58.144912" level="INFO">Opening browser 'chrome' to base url 'https://www.saucedemo.com/'.</msg>
<arg>${LOGIN URL}</arg>
<arg>${BROWSER}</arg>
<doc>Opens a new browser instance to the optional ``url``.</doc>
<status status="PASS" start="2024-06-11T18:15:58.144412" elapsed="2.168695"/>
</kw>
<kw name="Maximize Browser Window" owner="SeleniumLibrary">
<doc>Maximizes current browser window.</doc>
<status status="PASS" start="2024-06-11T18:16:00.313608" elapsed="0.024499"/>
</kw>
<doc>Opens the browser to the login URL and maximizes the window.</doc>
<status status="PASS" start="2024-06-11T18:15:58.143912" elapsed="2.194195"/>
</kw>
<test id="s1-t1" name="Right user empty pass" line="11">
<kw name="Invalid Login">
<kw name="Input Username" owner="login_resources">
<kw name="Input Text" owner="SeleniumLibrary">
<msg time="2024-06-11T18:16:00.340606" level="INFO">Typing text 'standard_user' into text field '//input[@id='user-name']'.</msg>
<arg>//input[@id='user-name']</arg>
<arg>${username}</arg>
<doc>Types the given ``text`` into the text field identified by ``locator``.</doc>
<status status="PASS" start="2024-06-11T18:16:00.340606" elapsed="0.067000"/>
</kw>
<arg>${username}</arg>
<doc>Inputs the given username into the username field.</doc>
<status status="PASS" start="2024-06-11T18:16:00.340106" elapsed="0.067500"/>
</kw>
<kw name="Input Password" owner="login_resources">
<kw name="Input Text" owner="SeleniumLibrary">
<msg time="2024-06-11T18:16:00.408106" level="INFO">Typing text '' into text field '//input[@id='password']'.</msg>
<arg>//input[@id='password']</arg>
<arg>${password}</arg>
<doc>Types the given ``text`` into the text field identified by ``locator``.</doc>
<status status="PASS" start="2024-06-11T18:16:00.408106" elapsed="0.036000"/>
</kw>
<arg>${password}</arg>
<doc>Inputs the given password into the password field.</doc>
<status status="PASS" start="2024-06-11T18:16:00.407606" elapsed="0.036500"/>
</kw>
<kw name="Click Login Button" owner="login_resources">
<kw name="Click Button" owner="SeleniumLibrary">
<msg time="2024-06-11T18:16:00.444607" level="INFO">Clicking button '//input[@id='login-button']'.</msg>
<arg>//input[@id='login-button']</arg>
<doc>Clicks the button identified by ``locator``.</doc>
<status status="PASS" start="2024-06-11T18:16:00.444607" elapsed="0.034499"/>
</kw>
<doc>Clicks the login button.</doc>
<status status="PASS" start="2024-06-11T18:16:00.444607" elapsed="0.035000"/>
</kw>
<kw name="Error Message Should Be Visible" owner="login_resources">
<kw name="Wait Until Page Contains Element" owner="SeleniumLibrary">
<arg>//h3[@data-test='error']</arg>
<arg>timeout=5s</arg>
<doc>Waits until the element ``locator`` appears on the current page.</doc>
<status status="PASS" start="2024-06-11T18:16:00.479607" elapsed="0.007500"/>
</kw>
<doc>Verifies that the error message is visible.</doc>
<status status="PASS" start="2024-06-11T18:16:00.479607" elapsed="0.008000"/>
</kw>
<arg>${VALID_USERNAME}</arg>
<arg>${EMPTY}</arg>
<doc>Inputs the username and password, clicks the login button, and verifies the error message.</doc>
<status status="PASS" start="2024-06-11T18:16:00.339606" elapsed="0.148001"/>
</kw>
<status status="PASS" start="2024-06-11T18:16:00.338107" elapsed="0.149500"/>
</test>
<test id="s1-t2" name="Right user wrong pass" line="12">
<kw name="Invalid Login">
<kw name="Input Username" owner="login_resources">
<kw name="Input Text" owner="SeleniumLibrary">
<msg time="2024-06-11T18:16:00.489606" level="INFO">Typing text 'standard_user' into text field '//input[@id='user-name']'.</msg>
<arg>//input[@id='user-name']</arg>
<arg>${username}</arg>
<doc>Types the given ``text`` into the text field identified by ``locator``.</doc>
<status status="PASS" start="2024-06-11T18:16:00.489606" elapsed="0.046500"/>
</kw>
<arg>${username}</arg>
<doc>Inputs the given username into the username field.</doc>
<status status="PASS" start="2024-06-11T18:16:00.489106" elapsed="0.047000"/>
</kw>
<kw name="Input Password" owner="login_resources">
<kw name="Input Text" owner="SeleniumLibrary">
<msg time="2024-06-11T18:16:00.536606" level="INFO">Typing text 'invalid_sauce' into text field '//input[@id='password']'.</msg>
<arg>//input[@id='password']</arg>
<arg>${password}</arg>
<doc>Types the given ``text`` into the text field identified by ``locator``.</doc>
<status status="PASS" start="2024-06-11T18:16:00.536606" elapsed="0.042000"/>
</kw>
<arg>${password}</arg>
<doc>Inputs the given password into the password field.</doc>
<status status="PASS" start="2024-06-11T18:16:00.536106" elapsed="0.042500"/>
</kw>
<kw name="Click Login Button" owner="login_resources">
<kw name="Click Button" owner="SeleniumLibrary">
<msg time="2024-06-11T18:16:00.579106" level="INFO">Clicking button '//input[@id='login-button']'.</msg>
<arg>//input[@id='login-button']</arg>
<doc>Clicks the button identified by ``locator``.</doc>
<status status="PASS" start="2024-06-11T18:16:00.579106" elapsed="0.024000"/>
</kw>
<doc>Clicks the login button.</doc>
<status status="PASS" start="2024-06-11T18:16:00.579106" elapsed="0.024000"/>
</kw>
<kw name="Error Message Should Be Visible" owner="login_resources">
<kw name="Wait Until Page Contains Element" owner="SeleniumLibrary">
<arg>//h3[@data-test='error']</arg>
<arg>timeout=5s</arg>
<doc>Waits until the element ``locator`` appears on the current page.</doc>
<status status="PASS" start="2024-06-11T18:16:00.603606" elapsed="0.003500"/>
</kw>
<doc>Verifies that the error message is visible.</doc>
<status status="PASS" start="2024-06-11T18:16:00.603106" elapsed="0.004000"/>
</kw>
<arg>${VALID_USERNAME}</arg>
<arg>${INVALID_PASSWORD}</arg>
<doc>Inputs the username and password, clicks the login button, and verifies the error message.</doc>
<status status="PASS" start="2024-06-11T18:16:00.488606" elapsed="0.118500"/>
</kw>
<status status="PASS" start="2024-06-11T18:16:00.488606" elapsed="0.118500"/>
</test>
<test id="s1-t3" name="Wrong user right pass" line="13">
<kw name="Invalid Login">
<kw name="Input Username" owner="login_resources">
<kw name="Input Text" owner="SeleniumLibrary">
<msg time="2024-06-11T18:16:00.608607" level="INFO">Typing text 'invalid_user' into text field '//input[@id='user-name']'.</msg>
<arg>//input[@id='user-name']</arg>
<arg>${username}</arg>
<doc>Types the given ``text`` into the text field identified by ``locator``.</doc>
<status status="PASS" start="2024-06-11T18:16:00.608607" elapsed="0.043999"/>
</kw>
<arg>${username}</arg>
<doc>Inputs the given username into the username field.</doc>
<status status="PASS" start="2024-06-11T18:16:00.608607" elapsed="0.043999"/>
</kw>
<kw name="Input Password" owner="login_resources">
<kw name="Input Text" owner="SeleniumLibrary">
<msg time="2024-06-11T18:16:00.653106" level="INFO">Typing text 'secret_sauce' into text field '//input[@id='password']'.</msg>
<arg>//input[@id='password']</arg>
<arg>${password}</arg>
<doc>Types the given ``text`` into the text field identified by ``locator``.</doc>
<status status="PASS" start="2024-06-11T18:16:00.653106" elapsed="0.042500"/>
</kw>
<arg>${password}</arg>
<doc>Inputs the given password into the password field.</doc>
<status status="PASS" start="2024-06-11T18:16:00.652606" elapsed="0.043000"/>
</kw>
<kw name="Click Login Button" owner="login_resources">
<kw name="Click Button" owner="SeleniumLibrary">
<msg time="2024-06-11T18:16:00.696105" level="INFO">Clicking button '//input[@id='login-button']'.</msg>
<arg>//input[@id='login-button']</arg>
<doc>Clicks the button identified by ``locator``.</doc>
<status status="PASS" start="2024-06-11T18:16:00.696105" elapsed="0.020501"/>
</kw>
<doc>Clicks the login button.</doc>
<status status="PASS" start="2024-06-11T18:16:00.696105" elapsed="0.020501"/>
</kw>
<kw name="Error Message Should Be Visible" owner="login_resources">
<kw name="Wait Until Page Contains Element" owner="SeleniumLibrary">
<arg>//h3[@data-test='error']</arg>
<arg>timeout=5s</arg>
<doc>Waits until the element ``locator`` appears on the current page.</doc>
<status status="PASS" start="2024-06-11T18:16:00.717107" elapsed="0.003498"/>
</kw>
<doc>Verifies that the error message is visible.</doc>
<status status="PASS" start="2024-06-11T18:16:00.716606" elapsed="0.003999"/>
</kw>
<arg>${INVALID_USERNAME}</arg>
<arg>${VALID_PASSWORD}</arg>
<doc>Inputs the username and password, clicks the login button, and verifies the error message.</doc>
<status status="PASS" start="2024-06-11T18:16:00.608106" elapsed="0.112499"/>
</kw>
<status status="PASS" start="2024-06-11T18:16:00.607606" elapsed="0.113500"/>
</test>
<test id="s1-t4" name="Wrong user empty pass" line="14">
<kw name="Invalid Login">
<kw name="Input Username" owner="login_resources">
<kw name="Input Text" owner="SeleniumLibrary">
<msg time="2024-06-11T18:16:00.722606" level="INFO">Typing text 'invalid_user' into text field '//input[@id='user-name']'.</msg>
<arg>//input[@id='user-name']</arg>
<arg>${username}</arg>
<doc>Types the given ``text`` into the text field identified by ``locator``.</doc>
<status status="PASS" start="2024-06-11T18:16:00.722106" elapsed="0.047500"/>
</kw>
<arg>${username}</arg>
<doc>Inputs the given username into the username field.</doc>
<status status="PASS" start="2024-06-11T18:16:00.722106" elapsed="0.047500"/>
</kw>
<kw name="Input Password" owner="login_resources">
<kw name="Input Text" owner="SeleniumLibrary">
<msg time="2024-06-11T18:16:00.770106" level="INFO">Typing text '' into text field '//input[@id='password']'.</msg>
<arg>//input[@id='password']</arg>
<arg>${password}</arg>
<doc>Types the given ``text`` into the text field identified by ``locator``.</doc>
<status status="PASS" start="2024-06-11T18:16:00.770106" elapsed="0.035000"/>
</kw>
<arg>${password}</arg>
<doc>Inputs the given password into the password field.</doc>
<status status="PASS" start="2024-06-11T18:16:00.769606" elapsed="0.035500"/>
</kw>
<kw name="Click Login Button" owner="login_resources">
<kw name="Click Button" owner="SeleniumLibrary">
<msg time="2024-06-11T18:16:00.805606" level="INFO">Clicking button '//input[@id='login-button']'.</msg>
<arg>//input[@id='login-button']</arg>
<doc>Clicks the button identified by ``locator``.</doc>
<status status="PASS" start="2024-06-11T18:16:00.805106" elapsed="0.020500"/>
</kw>
<doc>Clicks the login button.</doc>
<status status="PASS" start="2024-06-11T18:16:00.805106" elapsed="0.021000"/>
</kw>
<kw name="Error Message Should Be Visible" owner="login_resources">
<kw name="Wait Until Page Contains Element" owner="SeleniumLibrary">
<arg>//h3[@data-test='error']</arg>
<arg>timeout=5s</arg>
<doc>Waits until the element ``locator`` appears on the current page.</doc>
<status status="PASS" start="2024-06-11T18:16:00.826106" elapsed="0.004000"/>
</kw>
<doc>Verifies that the error message is visible.</doc>
<status status="PASS" start="2024-06-11T18:16:00.826106" elapsed="0.004000"/>
</kw>
<arg>${INVALID_USERNAME}</arg>
<arg>${EMPTY}</arg>
<doc>Inputs the username and password, clicks the login button, and verifies the error message.</doc>
<status status="PASS" start="2024-06-11T18:16:00.721606" elapsed="0.108500"/>
</kw>
<status status="PASS" start="2024-06-11T18:16:00.721606" elapsed="0.109000"/>
</test>
<test id="s1-t5" name="Wrong user wrong pass" line="15">
<kw name="Invalid Login">
<kw name="Input Username" owner="login_resources">
<kw name="Input Text" owner="SeleniumLibrary">
<msg time="2024-06-11T18:16:00.832105" level="INFO">Typing text 'invalid_user' into text field '//input[@id='user-name']'.</msg>
<arg>//input[@id='user-name']</arg>
<arg>${username}</arg>
<doc>Types the given ``text`` into the text field identified by ``locator``.</doc>
<status status="PASS" start="2024-06-11T18:16:00.831606" elapsed="0.042500"/>
</kw>
<arg>${username}</arg>
<doc>Inputs the given username into the username field.</doc>
<status status="PASS" start="2024-06-11T18:16:00.831606" elapsed="0.042500"/>
</kw>
<kw name="Input Password" owner="login_resources">
<kw name="Input Text" owner="SeleniumLibrary">
<msg time="2024-06-11T18:16:00.874606" level="INFO">Typing text 'invalid_sauce' into text field '//input[@id='password']'.</msg>
<arg>//input[@id='password']</arg>
<arg>${password}</arg>
<doc>Types the given ``text`` into the text field identified by ``locator``.</doc>
<status status="PASS" start="2024-06-11T18:16:00.874606" elapsed="0.042501"/>
</kw>
<arg>${password}</arg>
<doc>Inputs the given password into the password field.</doc>
<status status="PASS" start="2024-06-11T18:16:00.874106" elapsed="0.043500"/>
</kw>
<kw name="Click Login Button" owner="login_resources">
<kw name="Click Button" owner="SeleniumLibrary">
<msg time="2024-06-11T18:16:00.918106" level="INFO">Clicking button '//input[@id='login-button']'.</msg>
<arg>//input[@id='login-button']</arg>
<doc>Clicks the button identified by ``locator``.</doc>
<status status="PASS" start="2024-06-11T18:16:00.917606" elapsed="0.020499"/>
</kw>
<doc>Clicks the login button.</doc>
<status status="PASS" start="2024-06-11T18:16:00.917606" elapsed="0.020499"/>
</kw>
<kw name="Error Message Should Be Visible" owner="login_resources">
<kw name="Wait Until Page Contains Element" owner="SeleniumLibrary">
<arg>//h3[@data-test='error']</arg>
<arg>timeout=5s</arg>
<doc>Waits until the element ``locator`` appears on the current page.</doc>
<status status="PASS" start="2024-06-11T18:16:00.938105" elapsed="0.004001"/>
</kw>
<doc>Verifies that the error message is visible.</doc>
<status status="PASS" start="2024-06-11T18:16:00.938105" elapsed="0.004001"/>
</kw>
<arg>${INVALID_USERNAME}</arg>
<arg>${INVALID_PASSWORD}</arg>
<doc>Inputs the username and password, clicks the login button, and verifies the error message.</doc>
<status status="PASS" start="2024-06-11T18:16:00.831105" elapsed="0.111001"/>
</kw>
<status status="PASS" start="2024-06-11T18:16:00.831105" elapsed="0.111500"/>
</test>
<kw name="Close Browsers" owner="login_resources" type="TEARDOWN">
<kw name="Close All Browsers" owner="SeleniumLibrary">
<doc>Closes all open browsers and resets the browser cache.</doc>
<status status="PASS" start="2024-06-11T18:16:00.943105" elapsed="6.193680"/>
</kw>
<doc>Closes all browser instances.</doc>
<status status="PASS" start="2024-06-11T18:16:00.943105" elapsed="6.194181"/>
</kw>
<status status="PASS" start="2024-06-11T18:15:58.017412" elapsed="9.120374"/>
</suite>
<statistics>
<total>
<stat pass="5" fail="0" skip="0">All Tests</stat>
</total>
<tag>
</tag>
<suite>
<stat pass="5" fail="0" skip="0" id="s1" name="Login Page Tests">Login Page Tests</stat>
</suite>
</statistics>
<errors>
</errors>
</robot>
